<?xml version="1.0" encoding="UTF-8"?>
<robot generator="Robot 7.1.1 (Python 3.13.0 on win32)" generated="2024-10-23T16:05:51.432322" rpa="false" schemaversion="5">
<suite id="s1" name="Login" source="C:\tests\encoraja_tests_scenarios\Authentication\Suites\Login\Login.robot">
<test id="s1-t1" name="TC003 - Realizar Login com usuário Benefiário" line="12">
<kw name="Acessar o Site Web ONG Coletivo Encoraja e logar com o usuário Benefiário" owner="stup_teardown">
<kw name="Dado que o navergador esteja aberto no site da ONG Coletivo Encoraja" owner="Login">
<kw name="Open Browser" owner="SeleniumLibrary">
<msg time="2024-10-23T16:05:51.571892" level="INFO">Opening browser 'chrome' to base url 'http://localhost:3000'.</msg>
<arg>${geral.url}</arg>
<arg>browser=chrome</arg>
<doc>Opens a new browser instance to the optional ``url``.</doc>
<status status="PASS" start="2024-10-23T16:05:51.571450" elapsed="1.764768"/>
</kw>
<kw name="Maximize Browser Window" owner="SeleniumLibrary">
<doc>Maximizes current browser window.</doc>
<status status="PASS" start="2024-10-23T16:05:53.336398" elapsed="0.038524"/>
</kw>
<status status="PASS" start="2024-10-23T16:05:51.567124" elapsed="1.808064"/>
</kw>
<kw name="E clicou no botão Login" owner="Login">
<kw name="Sleep" owner="BuiltIn">
<msg time="2024-10-23T16:06:03.377025" level="INFO">Slept 10 seconds.</msg>
<arg>10</arg>
<doc>Pauses the test executed for the given time.</doc>
<status status="PASS" start="2024-10-23T16:05:53.375956" elapsed="10.001313"/>
</kw>
<kw name="Wait Until Element Is Visible" owner="SeleniumLibrary">
<arg>${login.Button_login}</arg>
<arg>15</arg>
<doc>Waits until the element ``locator`` is visible.</doc>
<status status="PASS" start="2024-10-23T16:06:03.377643" elapsed="0.031102"/>
</kw>
<kw name="Sleep" owner="BuiltIn">
<msg time="2024-10-23T16:06:06.409247" level="INFO">Slept 3 seconds.</msg>
<arg>3</arg>
<doc>Pauses the test executed for the given time.</doc>
<status status="PASS" start="2024-10-23T16:06:03.408930" elapsed="3.000571"/>
</kw>
<kw name="Set Focus To Element" owner="SeleniumLibrary">
<arg>${login.Button_login}</arg>
<doc>Sets the focus to the element identified by ``locator``.</doc>
<status status="PASS" start="2024-10-23T16:06:06.410000" elapsed="0.035678"/>
</kw>
<kw name="Press Key" owner="SeleniumLibrary">
<msg time="2024-10-23T16:06:06.690289" level="INFO" html="true">&lt;/td&gt;&lt;/tr&gt;&lt;tr&gt;&lt;td colspan="3"&gt;&lt;a href="selenium-screenshot-13.png"&gt;&lt;img src="selenium-screenshot-13.png" width="800px"&gt;&lt;/a&gt;</msg>
<msg time="2024-10-23T16:06:06.690515" level="FAIL">Element with locator 'None' not found.</msg>
<arg>${none}</arg>
<arg>ENTER</arg>
<doc>Simulates user pressing key on element identified by ``locator``.</doc>
<status status="FAIL" start="2024-10-23T16:06:06.445818" elapsed="0.246791">Element with locator 'None' not found.</status>
</kw>
<kw name="Sleep" owner="BuiltIn">
<arg>3</arg>
<doc>Pauses the test executed for the given time.</doc>
<status status="NOT RUN" start="2024-10-23T16:06:06.692750" elapsed="0.000022"/>
</kw>
<status status="FAIL" start="2024-10-23T16:05:53.375512" elapsed="13.317344">Element with locator 'None' not found.</status>
</kw>
<kw name="E fazer Login com Usuário Benefiário" owner="Login">
<status status="NOT RUN" start="2024-10-23T16:06:06.692977" elapsed="0.000020"/>
</kw>
<status status="FAIL" start="2024-10-23T16:05:51.566942" elapsed="15.126103">Element with locator 'None' not found.</status>
</kw>
<status status="FAIL" start="2024-10-23T16:05:51.566346" elapsed="15.126992">Element with locator 'None' not found.</status>
</test>
<status status="FAIL" start="2024-10-23T16:05:51.433123" elapsed="15.261028"/>
</suite>
<statistics>
<total>
<stat pass="0" fail="1" skip="0">All Tests</stat>
</total>
<tag>
</tag>
<suite>
<stat pass="0" fail="1" skip="0" id="s1" name="Login">Login</stat>
</suite>
</statistics>
<errors>
</errors>
</robot>
